Logfile initialized
[INFO] logfile = /Users/sofie/Documents/Titanium Studio Workspace/smartscan/build.log
[DEBUG] /Users/sofie/Library/Application Support/Titanium/mobilesdk/osx/1.8.1/android/builder.py install smartapp /Users/sofie/Applications/android-sdk /Users/sofie/Documents/Titanium Studio Workspace/smartscan com.appcelerator.smartapp 8
[INFO] Titanium SDK version: 1.8.1 (01/27/12 17:31 a24502a)
[DEBUG] Waiting for device to be ready ...
[TRACE] adb devices returned 1 devices/emulators
[DEBUG] Device connected... (waited 0 seconds)
[DEBUG] waited 0.013624 seconds on emulator to get ready
[DEBUG] com.appcelerator.smartapp installed? False
[INFO] Copying project resources..
[INFO] Tiapp.xml unchanged, skipping class generation
[DEBUG] Processing Android resource drawables
[DEBUG] found drawable-long-land-hdpi splash screen at /Users/sofie/Documents/Titanium Studio Workspace/smartscan/Resources/android/images/res-long-land-hdpi/default.png
[DEBUG] found drawable-long-land-ldpi splash screen at /Users/sofie/Documents/Titanium Studio Workspace/smartscan/Resources/android/images/res-long-land-ldpi/default.png
[DEBUG] found drawable-long-port-hdpi splash screen at /Users/sofie/Documents/Titanium Studio Workspace/smartscan/Resources/android/images/res-long-port-hdpi/default.png
[DEBUG] found drawable-long-port-ldpi splash screen at /Users/sofie/Documents/Titanium Studio Workspace/smartscan/Resources/android/images/res-long-port-ldpi/default.png
[DEBUG] found drawable-notlong-land-hdpi splash screen at /Users/sofie/Documents/Titanium Studio Workspace/smartscan/Resources/android/images/res-notlong-land-hdpi/default.png
[DEBUG] found drawable-notlong-land-ldpi splash screen at /Users/sofie/Documents/Titanium Studio Workspace/smartscan/Resources/android/images/res-notlong-land-ldpi/default.png
[DEBUG] found drawable-notlong-land-mdpi splash screen at /Users/sofie/Documents/Titanium Studio Workspace/smartscan/Resources/android/images/res-notlong-land-mdpi/default.png
[DEBUG] found drawable-notlong-port-hdpi splash screen at /Users/sofie/Documents/Titanium Studio Workspace/smartscan/Resources/android/images/res-notlong-port-hdpi/default.png
[DEBUG] found drawable-notlong-port-ldpi splash screen at /Users/sofie/Documents/Titanium Studio Workspace/smartscan/Resources/android/images/res-notlong-port-ldpi/default.png
[DEBUG] found drawable-notlong-port-mdpi splash screen at /Users/sofie/Documents/Titanium Studio Workspace/smartscan/Resources/android/images/res-notlong-port-mdpi/default.png
[DEBUG] creating unsigned apk: /Users/sofie/Documents/Titanium Studio Workspace/smartscan/build/android/bin/app-unsigned.apk
[DEBUG] from resource zip => assets/Resources/config/activityIndicator.js
[DEBUG] from resource zip => assets/Resources/config/barcode.js
[DEBUG] from resource zip => assets/Resources/config/config.js
[DEBUG] from resource zip => assets/Resources/css/reset.css
[DEBUG] from resource zip => assets/Resources/css/style.css
[DEBUG] from resource zip => assets/Resources/fonts/BreeSerif-Regular.otf
[DEBUG] from resource zip => assets/Resources/fonts/merge.otf
[DEBUG] from resource zip => assets/Resources/img/arrow.png
[DEBUG] from resource zip => assets/Resources/img/arrow@2x.png
[DEBUG] from resource zip => assets/Resources/img/bg.png
[DEBUG] from resource zip => assets/Resources/img/bg@2x.png
[DEBUG] from resource zip => assets/Resources/img/bg_info.png
[DEBUG] from resource zip => assets/Resources/img/bg_inputLogin.png
[DEBUG] from resource zip => assets/Resources/img/bg_inputLogin@2x.png
[DEBUG] from resource zip => assets/Resources/img/bg_inputRegister.png
[DEBUG] from resource zip => assets/Resources/img/bg_inputRegister@2x.png
[DEBUG] from resource zip => assets/Resources/img/bg_main.png
[DEBUG] from resource zip => assets/Resources/img/bg_main@2x.png
[DEBUG] from resource zip => assets/Resources/img/bg_main_1.png
[DEBUG] from resource zip => assets/Resources/img/bg_main_1@2x.png
[DEBUG] from resource zip => assets/Resources/img/bg_menu.png
[DEBUG] from resource zip => assets/Resources/img/bg_menuwinkelen.png
[DEBUG] from resource zip => assets/Resources/img/bg_nolist.png
[DEBUG] from resource zip => assets/Resources/img/bg_product.png
[DEBUG] from resource zip => assets/Resources/img/bg_product@2x.png
[DEBUG] from resource zip => assets/Resources/img/bg_textInput.png
[DEBUG] from resource zip => assets/Resources/img/bg_textInput@2x.png
[DEBUG] from resource zip => assets/Resources/img/bg_textInput_kort.png
[DEBUG] from resource zip => assets/Resources/img/bg_textInput_kort@2x.png
[DEBUG] from resource zip => assets/Resources/img/bg_winkelen.png
[DEBUG] from resource zip => assets/Resources/img/bg_winkelen@2x.png
[DEBUG] from resource zip => assets/Resources/img/btn_account.png
[DEBUG] from resource zip => assets/Resources/img/btn_account@2x.png
[DEBUG] from resource zip => assets/Resources/img/btn_add.png
[DEBUG] from resource zip => assets/Resources/img/btn_add@2x.png
[DEBUG] from resource zip => assets/Resources/img/btn_add_beige.png
[DEBUG] from resource zip => assets/Resources/img/btn_back.png
[DEBUG] from resource zip => assets/Resources/img/btn_back@2x.png
[DEBUG] from resource zip => assets/Resources/img/btn_bar.png
[DEBUG] from resource zip => assets/Resources/img/btn_gps.png
[DEBUG] from resource zip => assets/Resources/img/btn_info.png
[DEBUG] from resource zip => assets/Resources/img/btn_info@2x.png
[DEBUG] from resource zip => assets/Resources/img/btn_lijstjes.png
[DEBUG] from resource zip => assets/Resources/img/btn_lijstjes@2x.png
[DEBUG] from resource zip => assets/Resources/img/btn_login.png
[DEBUG] from resource zip => assets/Resources/img/btn_login@2x.png
[DEBUG] from resource zip => assets/Resources/img/btn_logout.png
[DEBUG] from resource zip => assets/Resources/img/btn_logout@2x.png
[DEBUG] from resource zip => assets/Resources/img/btn_maken.png
[DEBUG] from resource zip => assets/Resources/img/btn_maken@2x.png
[DEBUG] from resource zip => assets/Resources/img/btn_registreer.png
[DEBUG] from resource zip => assets/Resources/img/btn_registreer@2x.png
[DEBUG] from resource zip => assets/Resources/img/btn_scan.png
[DEBUG] from resource zip => assets/Resources/img/btn_scan@2x.png
[DEBUG] from resource zip => assets/Resources/img/btn_scanKaart.png
[DEBUG] from resource zip => assets/Resources/img/btn_scanKaart@2x.png
[DEBUG] from resource zip => assets/Resources/img/btn_scannen.png
[DEBUG] from resource zip => assets/Resources/img/btn_search.png
[DEBUG] from resource zip => assets/Resources/img/btn_search@2x.png
[DEBUG] from resource zip => assets/Resources/img/btn_startlijstje.png
[DEBUG] from resource zip => assets/Resources/img/btn_startwinkelen.png
[DEBUG] from resource zip => assets/Resources/img/btn_verwijderen.png
[DEBUG] from resource zip => assets/Resources/img/btn_verwijderen@2x.png
[DEBUG] from resource zip => assets/Resources/img/btn_winkelen.png
[DEBUG] from resource zip => assets/Resources/img/btn_winkelen@2x.png
[DEBUG] from resource zip => assets/Resources/img/btn_winkels.png
[DEBUG] from resource zip => assets/Resources/img/btn_winkels@2x.png
[DEBUG] from resource zip => assets/Resources/img/header.png
[DEBUG] from resource zip => assets/Resources/img/header@2x.png
[DEBUG] from resource zip => assets/Resources/img/inputLogin.png
[DEBUG] from resource zip => assets/Resources/img/inputRegistreer.png
[DEBUG] from resource zip => assets/Resources/img/input_btm.png
[DEBUG] from resource zip => assets/Resources/img/input_top.png
[DEBUG] from resource zip => assets/Resources/img/logo_info.png
[DEBUG] from resource zip => assets/Resources/img/milka.jpg
[DEBUG] from resource zip => assets/Resources/img/wrmAccount.png
[DEBUG] from resource zip => assets/Resources/img/wrmAccount@2x.png
[DEBUG] from resource zip => assets/Resources/smart/icons.js
[DEBUG] from resource zip => assets/Resources/smart/iconsWinkelen.js
[DEBUG] from resource zip => assets/Resources/smart/smart.js
[DEBUG] from resource zip => assets/Resources/styles/styles.js
[DEBUG] from resource zip => assets/Resources/styles/styles_img.js
[DEBUG] from resource zip => assets/Resources/windows/account.js
[DEBUG] from resource zip => assets/Resources/windows/addLijstje.js
[DEBUG] from resource zip => assets/Resources/windows/addProduct.js
[DEBUG] from resource zip => assets/Resources/windows/detailProduct.js
[DEBUG] from resource zip => assets/Resources/windows/info.js
[DEBUG] from resource zip => assets/Resources/windows/lijstje.js
[DEBUG] from resource zip => assets/Resources/windows/lijstjeInhoud.js
[DEBUG] from resource zip => assets/Resources/windows/login.js
[DEBUG] from resource zip => assets/Resources/windows/main.js
[DEBUG] from resource zip => assets/Resources/windows/productLijst.js
[DEBUG] from resource zip => assets/Resources/windows/startVanLijstje.js
[DEBUG] from resource zip => assets/Resources/windows/startWinkelen.js
[DEBUG] from resource zip => assets/Resources/windows/winkelen.js
[DEBUG] from resource zip => assets/Resources/windows/winkels.js
[DEBUG] from resource zip => assets/Resources/app.js
[DEBUG] from resource zip => assets/Resources/appicon.png
[DEBUG] from resource zip => assets/Resources/default.png
[DEBUG] from resource zip => assets/Resources/zbar-help.html
[DEBUG] from resource zip => assets/app.json
[DEBUG] from resource zip => assets/index.json
[DEBUG] from resource zip => assets/tiapp.xml
[DEBUG] from resource zip => res/drawable/appicon.png
[DEBUG] from resource zip => res/drawable/background.png
[DEBUG] from resource zip => res/layout/titanium_tabgroup.xml
[DEBUG] from resource zip => AndroidManifest.xml
[DEBUG] from resource zip => resources.arsc
[DEBUG] from resource zip => res/drawable-long-land-hdpi/background.png
[DEBUG] from resource zip => res/drawable-long-land-ldpi/background.png
[DEBUG] from resource zip => res/drawable-long-port-hdpi/background.png
[DEBUG] from resource zip => res/drawable-long-port-ldpi/background.png
[DEBUG] from resource zip => res/drawable-notlong-land-hdpi/background.png
[DEBUG] from resource zip => res/drawable-notlong-land-ldpi/background.png
[DEBUG] from resource zip => res/drawable-notlong-land-mdpi/background.png
[DEBUG] from resource zip => res/drawable-notlong-port-hdpi/background.png
[DEBUG] from resource zip => res/drawable-notlong-port-ldpi/background.png
[DEBUG] from resource zip => res/drawable-notlong-port-mdpi/background.png
[DEBUG] from JAR /Users/sofie/Library/Application Support/Titanium/mobilesdk/osx/1.8.1/android/titanium.jar => org/appcelerator/titanium/build.properties
[DEBUG] from JAR /Users/sofie/Library/Application Support/Titanium/mobilesdk/osx/1.8.1/android/titanium.jar => org/appcelerator/titanium/res/drawable/background.png
[DEBUG] from JAR /Users/sofie/Library/Application Support/Titanium/mobilesdk/osx/1.8.1/android/titanium.jar => org/appcelerator/titanium/res/drawable/btn_check_buttonless_on.png
[DEBUG] from JAR /Users/sofie/Library/Application Support/Titanium/mobilesdk/osx/1.8.1/android/titanium.jar => org/appcelerator/titanium/res/drawable/btn_check_buttonless_on_18.png
[DEBUG] from JAR /Users/sofie/Library/Application Support/Titanium/mobilesdk/osx/1.8.1/android/titanium.jar => org/appcelerator/titanium/res/drawable/btn_check_buttonless_on_48.png
[DEBUG] from JAR /Users/sofie/Library/Application Support/Titanium/mobilesdk/osx/1.8.1/android/titanium.jar => org/appcelerator/titanium/res/drawable/btn_more.png
[DEBUG] from JAR /Users/sofie/Library/Application Support/Titanium/mobilesdk/osx/1.8.1/android/titanium.jar => org/appcelerator/titanium/res/drawable/btn_more_18.png
[DEBUG] from JAR /Users/sofie/Library/Application Support/Titanium/mobilesdk/osx/1.8.1/android/titanium.jar => org/appcelerator/titanium/res/drawable/btn_more_48.png
[DEBUG] from JAR /Users/sofie/Library/Application Support/Titanium/mobilesdk/osx/1.8.1/android/titanium.jar => org/appcelerator/titanium/res/drawable/btn_picker_normal.9.png
[DEBUG] from JAR /Users/sofie/Library/Application Support/Titanium/mobilesdk/osx/1.8.1/android/titanium.jar => org/appcelerator/titanium/res/drawable/btn_picker_pressed.9.png
[DEBUG] from JAR /Users/sofie/Library/Application Support/Titanium/mobilesdk/osx/1.8.1/android/titanium.jar => org/appcelerator/titanium/res/drawable/btn_picker_selected.9.png
[DEBUG] from JAR /Users/sofie/Library/Application Support/Titanium/mobilesdk/osx/1.8.1/android/titanium.jar => org/appcelerator/titanium/res/drawable/default_icon.png
[DEBUG] from JAR /Users/sofie/Library/Application Support/Titanium/mobilesdk/osx/1.8.1/android/titanium.jar => org/appcelerator/titanium/res/drawable/photoDefault.png
[DEBUG] from JAR /Users/sofie/Library/Application Support/Titanium/mobilesdk/osx/1.8.1/android/modules/titanium-ui.jar => ti/modules/titanium/ui/widget/webview/binding.js
[DEBUG] from JAR /Users/sofie/Library/Application Support/Titanium/mobilesdk/osx/1.8.1/android/modules/titanium-ui.jar => ti/modules/titanium/ui/widget/webview/binding.min.js
[DEBUG] from JAR /Users/sofie/Library/Application Support/Titanium/mobilesdk/osx/1.8.1/android/modules/titanium-ui.jar => ti/modules/titanium/ui/widget/webview/json2.js
[DEBUG] from JAR /Users/sofie/Library/Application Support/Titanium/mobilesdk/osx/1.8.1/android/thirdparty.jar => org/apache/Commons-NOTICE.txt
[DEBUG] from JAR /Users/sofie/Library/Application Support/Titanium/mobilesdk/osx/1.8.1/android/thirdparty.jar => org/apache/HttpComponents-NOTICE.txt
[DEBUG] from JAR /Users/sofie/Library/Application Support/Titanium/mobilesdk/osx/1.8.1/android/thirdparty.jar => org/apache/mime4j-NOTICE.txt
[DEBUG] Waiting for device to be ready ...
[TRACE] adb devices returned 1 devices/emulators
[DEBUG] Device connected... (waited 0 seconds)
[DEBUG] waited 0.013538 seconds on emulator to get ready
[INFO] Installing application on device
[INFO] Application installed. Launch from drawer on Home Screen
